Connecting to database specified by database.yml
Compiled jquery.js  (74ms)  (pid 12131)
Compiled jquery_ujs.js  (0ms)  (pid 12131)
Compiled jquery-migrate-1.0.0.js  (0ms)  (pid 12131)
Compiled jquery-ui.js  (17ms)  (pid 12131)
Compiled modernizr.js  (0ms)  (pid 12131)
Compiled jquery.cookie.js  (0ms)  (pid 12131)
Compiled jquery.delayedobserver.js  (0ms)  (pid 12131)
Compiled jquery.jstree/jquery.jstree.js  (6ms)  (pid 12131)
Compiled jquery.alerts/jquery.alerts.js  (0ms)  (pid 12131)
Compiled jquery.powertip.js  (0ms)  (pid 12131)
Compiled jquery.vAlign.js  (0ms)  (pid 12131)
Compiled css_browser_selector_dev.js  (0ms)  (pid 12131)
Compiled spin.js  (0ms)  (pid 12131)
Compiled trunk8.js  (0ms)  (pid 12131)
Compiled jquery.adaptivemenu.js  (0ms)  (pid 12131)
Compiled equalize.js  (0ms)  (pid 12131)
Compiled responsive-tables.js  (0ms)  (pid 12131)
Compiled jquery.horizontalNav.js  (0ms)  (pid 12131)
Compiled jsuri.js  (0ms)  (pid 12131)
Compiled spree.js  (178ms)  (pid 12131)
Compiled admin/address_states.js  (0ms)  (pid 12131)
Compiled handlebars.js  (1ms)  (pid 12131)
Compiled admin/handlebar_extensions.js  (15ms)  (pid 12131)
Compiled admin/variant_autocomplete.js  (8ms)  (pid 12131)
Compiled admin/taxon_autocomplete.js  (1ms)  (pid 12131)
Compiled admin/option_type_autocomplete.js  (1ms)  (pid 12131)
Compiled select2.js  (4ms)  (pid 12131)
Compiled admin/spree-select2.js  (44ms)  (pid 12131)
Compiled admin/user_picker.js  (0ms)  (pid 12131)
Compiled admin/product_picker.js  (0ms)  (pid 12131)
Compiled admin/admin.js  (295ms)  (pid 12131)
Compiled admin/calculator.js  (0ms)  (pid 12131)
Compiled admin/checkouts/edit.js  (0ms)  (pid 12131)
Compiled admin/gateway.js  (0ms)  (pid 12131)
Compiled admin/image_settings.js  (2ms)  (pid 12131)
Compiled admin/images/index.js  (17ms)  (pid 12131)
Compiled admin/images/new.js  (5ms)  (pid 12131)
Compiled admin/nested-attribute.js  (0ms)  (pid 12131)
Compiled admin/orders/edit.js  (0ms)  (pid 12131)
Compiled admin/orders/edit_form.js  (0ms)  (pid 12131)
Compiled admin/payments/new.js  (0ms)  (pid 12131)
Compiled admin/progress.js  (36ms)  (pid 12131)
Compiled admin/promotions.js  (0ms)  (pid 12131)
Compiled admin/shipments.js  (2ms)  (pid 12131)
Compiled admin/states.js  (0ms)  (pid 12131)
Compiled admin/stock_management.js  (15ms)  (pid 12131)
Compiled admin/stock_transfer.js  (169ms)  (pid 12131)
Compiled admin/taxon_tree_menu.js  (23ms)  (pid 12131)
Compiled admin/taxonomy.js  (74ms)  (pid 12131)
Compiled admin/underscore-min.js  (1ms)  (pid 12131)
Compiled admin/zone.js  (19ms)  (pid 12131)
Compiled admin/spree_backend.js  (1758ms)  (pid 12131)
Compiled admin/spree_variant_options.js  (1779ms)  (pid 12131)
Compiled admin/all.js  (1902ms)  (pid 12131)
Compiled jquery.validate/jquery.validate.min.js  (1ms)  (pid 12131)
Compiled store/checkout.js  (121ms)  (pid 12131)
Compiled store/product.js  (79ms)  (pid 12131)
Compiled store/cart.js  (13ms)  (pid 12131)
Compiled store/spree_frontend.js  (261ms)  (pid 12131)
Compiled store/product_variant_options.js  (0ms)  (pid 12131)
Compiled store/variant_options.js  (1ms)  (pid 12131)
Compiled store/spree_variant_options.js  (297ms)  (pid 12131)
Compiled store/all.js  (319ms)  (pid 12131)
Compiled jquery.alerts/jquery.alerts.css  (129ms)  (pid 12131)
Compiled jquery.alerts/jquery.alerts.spree.css  (0ms)  (pid 12131)
Compiled responsive-tables.css  (1ms)  (pid 12131)
Compiled normalize.css  (0ms)  (pid 12131)
Compiled skeleton.css  (0ms)  (pid 12131)
Compiled jquery-ui.datepicker.css  (263ms)  (pid 12131)
Compiled jquery.powertip.css  (0ms)  (pid 12131)
Compiled select2.css  (309ms)  (pid 12131)
Compiled admin/spree_admin.css  (2397ms)  (pid 12131)
Compiled admin/spree_backend.css  (3496ms)  (pid 12131)
Compiled admin/spree_variant_options.css  (3510ms)  (pid 12131)
Compiled admin/all.css  (3525ms)  (pid 12131)
Compiled store/screen.css  (519ms)  (pid 12131)
Compiled store/spree_frontend.css  (538ms)  (pid 12131)
Compiled store/variant_options.css  (12ms)  (pid 12131)
Compiled store/spree_variant_options.css  (571ms)  (pid 12131)
Compiled store/all.css  (662ms)  (pid 12131)
Compiled application.css  (738ms)  (pid 12131)
Compiled jquery.jstree/themes/apple/style.css  (0ms)  (pid 12131)
